TN:
SF:components/TestComponent.tsx
FN:9,(anonymous_0)
FN:12,(anonymous_1)
FN:48,(anonymous_2)
FNF:3
FNH:0
FNDA:0,(anonymous_0)
FNDA:0,(anonymous_1)
FNDA:0,(anonymous_2)
DA:9,0
DA:10,0
DA:12,0
DA:13,0
DA:16,0
DA:48,0
LF:6
LH:0
BRDA:35,0,0,0
BRDA:35,0,1,0
BRF:2
BRH:0
end_of_record
TN:
SF:components/playground/PlaygroundCard.tsx
FN:23,(anonymous_0)
FN:32,(anonymous_1)
FN:37,(anonymous_2)
FN:41,(anonymous_3)
FN:46,(anonymous_4)
FN:58,(anonymous_5)
FN:64,(anonymous_6)
FN:77,(anonymous_7)
FN:81,(anonymous_8)
FN:171,(anonymous_9)
FNF:10
FNH:10
FNDA:16,(anonymous_0)
FNDA:16,(anonymous_1)
FNDA:12,(anonymous_2)
FNDA:16,(anonymous_3)
FNDA:16,(anonymous_4)
FNDA:1,(anonymous_5)
FNDA:1,(anonymous_6)
FNDA:16,(anonymous_7)
FNDA:2,(anonymous_8)
FNDA:2,(anonymous_9)
DA:23,2
DA:27,16
DA:28,16
DA:29,16
DA:32,16
DA:33,16
DA:36,16
DA:37,12
DA:41,16
DA:42,16
DA:43,16
DA:46,16
DA:47,16
DA:48,15
DA:49,1
DA:50,1
DA:54,0
DA:58,16
DA:59,1
DA:60,1
DA:64,16
DA:65,1
DA:66,1
DA:67,1
DA:69,1
DA:71,0
DA:72,0
DA:77,16
DA:78,16
DA:81,2
DA:90,16
DA:91,16
DA:93,16
DA:171,2
DA:184,2
LF:35
LH:32
BRDA:37,0,0,8
BRDA:37,0,1,4
BRDA:47,1,0,15
BRDA:47,1,1,1
BRDA:49,2,0,1
BRDA:49,2,1,0
BRDA:82,3,0,1
BRDA:82,3,1,15
BRDA:100,4,0,1
BRDA:100,4,1,15
BRDA:106,5,0,16
BRDA:106,5,1,15
BRDA:111,6,0,12
BRDA:111,6,1,4
BRDA:116,7,0,1
BRDA:116,7,1,11
BRDA:134,8,0,1
BRDA:134,8,1,15
BRDA:142,9,0,1
BRDA:142,9,1,15
BRDA:151,10,0,1
BRDA:151,10,1,15
BRDA:158,11,0,1
BRDA:158,11,1,15
BRDA:178,12,0,1
BRDA:178,12,1,15
BRF:26
BRH:25
end_of_record
TN:
SF:components/playground/PlaygroundForm.tsx
FN:38,(anonymous_0)
FN:69,(anonymous_1)
FN:100,(anonymous_2)
FN:107,(anonymous_3)
FN:109,(anonymous_4)
FN:119,(anonymous_5)
FN:120,(anonymous_6)
FN:127,(anonymous_7)
FN:142,(anonymous_8)
FN:178,(anonymous_9)
FN:207,(anonymous_10)
FN:235,(anonymous_11)
FN:242,(anonymous_12)
FN:274,(anonymous_13)
FN:281,(anonymous_14)
FN:320,(anonymous_15)
FN:351,(anonymous_16)
FN:368,(anonymous_17)
FN:386,(anonymous_18)
FN:401,(anonymous_19)
FN:427,(anonymous_20)
FN:462,(anonymous_21)
FN:495,(anonymous_22)
FNF:23
FNH:16
FNDA:20,(anonymous_0)
FNDA:17,(anonymous_1)
FNDA:0,(anonymous_2)
FNDA:8,(anonymous_3)
FNDA:1,(anonymous_4)
FNDA:6,(anonymous_5)
FNDA:6,(anonymous_6)
FNDA:0,(anonymous_7)
FNDA:2,(anonymous_8)
FNDA:2,(anonymous_9)
FNDA:1,(anonymous_10)
FNDA:0,(anonymous_11)
FNDA:2,(anonymous_12)
FNDA:1,(anonymous_13)
FNDA:0,(anonymous_14)
FNDA:2,(anonymous_15)
FNDA:2,(anonymous_16)
FNDA:0,(anonymous_17)
FNDA:1,(anonymous_18)
FNDA:1,(anonymous_19)
FNDA:1,(anonymous_20)
FNDA:0,(anonymous_21)
FNDA:0,(anonymous_22)
DA:38,1
DA:49,20
DA:59,20
DA:62,20
DA:63,20
DA:66,20
DA:69,20
DA:70,17
DA:72,15
DA:83,2
DA:96,20
DA:102,0
DA:107,20
DA:108,8
DA:109,1
DA:119,20
DA:120,6
DA:126,6
DA:127,0
DA:134,6
DA:135,0
DA:142,20
DA:143,2
DA:146,2
DA:147,1
DA:148,1
DA:149,0
DA:153,2
DA:154,1
DA:158,2
DA:159,1
DA:163,2
DA:167,0
DA:171,2
DA:172,2
DA:178,20
DA:180,2
DA:181,1
DA:186,1
DA:189,1
DA:190,1
DA:191,1
DA:193,0
DA:194,0
DA:200,1
DA:207,20
DA:209,1
DA:210,0
DA:220,1
DA:229,1
DA:235,20
DA:236,0
DA:242,20
DA:243,2
DA:244,2
DA:247,2
DA:249,2
DA:250,1
DA:255,1
DA:258,1
DA:262,0
DA:267,0
DA:271,1
DA:274,1
DA:280,1
DA:281,0
DA:287,0
DA:290,0
DA:298,2
DA:303,20
DA:305,20
DA:320,2
DA:352,2
DA:368,0
DA:386,1
DA:401,1
DA:428,1
DA:429,0
DA:431,1
DA:462,0
DA:495,0
LF:81
LH:63
BRDA:40,0,0,18
BRDA:43,1,0,18
BRDA:44,2,0,20
BRDA:70,3,0,15
BRDA:70,3,1,2
BRDA:73,4,0,15
BRDA:73,4,1,9
BRDA:73,4,2,8
BRDA:73,4,3,8
BRDA:73,4,4,8
BRDA:73,4,5,8
BRDA:84,5,0,2
BRDA:84,5,1,2
BRDA:84,5,2,2
BRDA:84,5,3,2
BRDA:84,5,4,2
BRDA:84,5,5,2
BRDA:84,6,0,2
BRDA:84,6,1,0
BRDA:85,7,0,2
BRDA:85,7,1,0
BRDA:88,8,0,2
BRDA:88,8,1,0
BRDA:89,9,0,2
BRDA:89,9,1,0
BRDA:91,10,0,2
BRDA:91,10,1,0
BRDA:108,11,0,1
BRDA:108,11,1,7
BRDA:126,12,0,0
BRDA:126,12,1,6
BRDA:134,13,0,0
BRDA:134,13,1,6
BRDA:146,14,0,1
BRDA:146,14,1,1
BRDA:146,15,0,2
BRDA:146,15,1,1
BRDA:148,16,0,0
BRDA:148,16,1,1
BRDA:153,17,0,1
BRDA:153,17,1,1
BRDA:153,18,0,2
BRDA:153,18,1,1
BRDA:158,19,0,1
BRDA:158,19,1,1
BRDA:163,20,0,0
BRDA:163,20,1,2
BRDA:164,21,0,2
BRDA:164,21,1,1
BRDA:180,22,0,1
BRDA:180,22,1,1
BRDA:196,23,0,0
BRDA:196,23,1,0
BRDA:209,24,0,0
BRDA:209,24,1,1
BRDA:209,25,0,1
BRDA:209,25,1,0
BRDA:249,26,0,1
BRDA:249,26,1,1
BRDA:258,27,0,0
BRDA:258,27,1,1
BRDA:259,28,0,1
BRDA:259,28,1,0
BRDA:280,29,0,0
BRDA:280,29,1,1
BRDA:292,30,0,0
BRDA:292,30,1,0
BRDA:307,31,0,20
BRDA:307,31,1,0
BRDA:311,32,0,0
BRDA:311,32,1,0
BRDA:325,33,0,20
BRDA:325,33,1,0
BRDA:339,34,0,20
BRDA:339,34,1,20
BRDA:342,35,0,20
BRDA:342,35,1,0
BRDA:350,36,0,20
BRDA:350,36,1,12
BRDA:356,37,0,20
BRDA:356,37,1,20
BRDA:357,38,0,20
BRDA:357,38,1,0
BRDA:361,39,0,20
BRDA:361,39,1,1
BRDA:371,40,0,1
BRDA:371,40,1,0
BRDA:390,41,0,20
BRDA:390,41,1,0
BRDA:392,42,0,20
BRDA:392,42,1,1
BRDA:400,43,0,20
BRDA:400,43,1,16
BRDA:408,44,0,20
BRDA:408,44,1,0
BRDA:418,45,0,20
BRDA:418,45,1,0
BRDA:428,46,0,0
BRDA:428,46,1,1
BRDA:436,47,0,20
BRDA:436,47,1,0
BRDA:445,48,0,20
BRDA:445,48,1,0
BRDA:449,49,0,2
BRDA:449,49,1,18
BRDA:454,50,0,20
BRDA:454,50,1,0
BRDA:465,51,0,20
BRDA:465,51,1,0
BRDA:469,52,0,20
BRDA:469,52,1,1
BRDA:478,53,0,1
BRDA:478,53,1,1
BRDA:484,54,0,1
BRDA:484,54,1,1
BRDA:497,55,0,1
BRDA:497,55,1,0
BRF:117
BRH:83
end_of_record
TN:
SF:components/playground/SortFilterBar.tsx
FN:15,(anonymous_0)
FN:26,(anonymous_1)
FN:42,(anonymous_2)
FN:48,(anonymous_3)
FN:55,(anonymous_4)
FN:66,(anonymous_5)
FN:74,(anonymous_6)
FN:80,(anonymous_7)
FN:85,(anonymous_8)
FN:90,(anonymous_9)
FN:97,(anonymous_10)
FN:103,(anonymous_11)
FN:115,(anonymous_12)
FN:126,(anonymous_13)
FN:131,(anonymous_14)
FN:136,(anonymous_15)
FN:144,(anonymous_16)
FN:152,(anonymous_17)
FN:179,(anonymous_18)
FN:196,(anonymous_19)
FN:213,(anonymous_20)
FN:234,(anonymous_21)
FN:262,(anonymous_22)
FN:274,(anonymous_23)
FNF:24
FNH:15
FNDA:16,(anonymous_0)
FNDA:80,(anonymous_1)
FNDA:1,(anonymous_2)
FNDA:1,(anonymous_3)
FNDA:0,(anonymous_4)
FNDA:1,(anonymous_5)
FNDA:1,(anonymous_6)
FNDA:16,(anonymous_7)
FNDA:0,(anonymous_8)
FNDA:0,(anonymous_9)
FNDA:64,(anonymous_10)
FNDA:1,(anonymous_11)
FNDA:0,(anonymous_12)
FNDA:16,(anonymous_13)
FNDA:0,(anonymous_14)
FNDA:0,(anonymous_15)
FNDA:80,(anonymous_16)
FNDA:1,(anonymous_17)
FNDA:1,(anonymous_18)
FNDA:0,(anonymous_19)
FNDA:0,(anonymous_20)
FNDA:0,(anonymous_21)
FNDA:2,(anonymous_22)
FNDA:4,(anonymous_23)
DA:15,1
DA:16,16
DA:17,16
DA:18,16
DA:22,16
DA:26,16
DA:27,80
DA:29,16
DA:31,16
DA:33,32
DA:35,16
DA:37,0
DA:42,16
DA:43,1
DA:44,1
DA:48,16
DA:49,1
DA:52,1
DA:53,0
DA:55,0
DA:58,1
DA:66,16
DA:67,1
DA:74,16
DA:75,1
DA:76,1
DA:80,16
DA:81,16
DA:85,0
DA:90,0
DA:98,64
DA:103,1
DA:115,0
DA:126,16
DA:127,16
DA:131,0
DA:136,0
DA:145,80
DA:152,1
DA:179,1
DA:196,0
DA:213,0
DA:234,0
DA:254,16
DA:262,2
DA:274,4
LF:46
LH:35
BRDA:22,0,0,16
BRDA:22,0,1,4
BRDA:22,0,2,12
BRDA:27,1,0,16
BRDA:27,1,1,16
BRDA:27,1,2,32
BRDA:27,1,3,16
BRDA:27,1,4,0
BRDA:49,2,0,1
BRDA:49,2,1,1
BRDA:52,3,0,0
BRDA:52,3,1,1
BRDA:101,4,0,16
BRDA:101,4,1,48
BRDA:104,5,0,0
BRDA:104,5,1,64
BRDA:107,6,0,64
BRDA:107,6,1,16
BRDA:116,7,0,0
BRDA:116,7,1,16
BRDA:148,8,0,8
BRDA:148,8,1,72
BRDA:154,9,0,0
BRDA:154,9,1,80
BRDA:161,10,0,8
BRDA:161,10,1,72
BRDA:177,11,0,4
BRDA:177,11,1,12
BRDA:181,12,0,0
BRDA:181,12,1,16
BRDA:186,13,0,4
BRDA:186,13,1,12
BRDA:194,14,0,0
BRDA:194,14,1,16
BRDA:198,15,0,0
BRDA:198,15,1,16
BRDA:203,16,0,0
BRDA:203,16,1,16
BRDA:211,17,0,12
BRDA:211,17,1,4
BRDA:215,18,0,0
BRDA:215,18,1,16
BRDA:220,19,0,12
BRDA:220,19,1,4
BRDA:235,20,0,0
BRDA:235,20,1,16
BRDA:242,21,0,0
BRDA:242,21,1,16
BRDA:263,22,0,0
BRDA:263,22,1,16
BRDA:272,23,0,4
BRDA:272,23,1,12
BRDA:275,24,0,0
BRDA:275,24,1,16
BRDA:278,25,0,4
BRDA:278,25,1,12
BRDA:282,26,0,16
BRDA:282,26,1,4
BRDA:285,27,0,4
BRDA:285,27,1,0
BRDA:286,28,0,4
BRDA:286,28,1,0
BRF:62
BRH:46
end_of_record
TN:
SF:components/ui/Button.tsx
FN:33,(anonymous_0)
FNF:1
FNH:1
FNDA:219,(anonymous_0)
DA:33,5
DA:47,219
DA:50,219
DA:58,219
DA:65,219
DA:73,219
DA:80,219
DA:83,219
DA:84,219
DA:86,219
LF:10
LH:10
BRDA:37,0,0,74
BRDA:38,1,0,165
BRDA:39,2,0,143
BRDA:40,3,0,181
BRDA:41,4,0,90
BRDA:42,5,0,219
BRDA:80,6,0,0
BRDA:80,6,1,219
BRDA:89,7,0,219
BRDA:89,7,1,219
BRDA:92,8,0,219
BRDA:92,8,1,219
BRDA:92,8,2,0
BRDA:94,9,0,0
BRDA:94,9,1,0
BRDA:100,10,0,0
BRDA:100,10,1,219
BRDA:103,11,0,0
BRDA:103,11,1,0
BRDA:107,12,0,219
BRDA:107,12,1,219
BRF:21
BRH:14
end_of_record
TN:
SF:components/ui/ErrorBoundary.tsx
FN:35,(anonymous_0)
FN:44,(anonymous_1)
FN:52,(anonymous_2)
FN:74,(anonymous_3)
FN:88,(anonymous_4)
FN:99,(anonymous_5)
FN:109,(anonymous_6)
FN:191,(anonymous_7)
FN:192,(anonymous_8)
FN:214,(anonymous_9)
FN:218,(anonymous_10)
FNF:11
FNH:8
FNDA:13,(anonymous_0)
FNDA:14,(anonymous_1)
FNDA:7,(anonymous_2)
FNDA:7,(anonymous_3)
FNDA:1,(anonymous_4)
FNDA:0,(anonymous_5)
FNDA:36,(anonymous_6)
FNDA:1,(anonymous_7)
FNDA:1,(anonymous_8)
FNDA:0,(anonymous_9)
FNDA:0,(anonymous_10)
DA:36,13
DA:37,13
DA:46,14
DA:54,7
DA:57,7
DA:63,7
DA:64,3
DA:68,7
DA:74,13
DA:77,7
DA:88,13
DA:89,1
DA:99,13
DA:102,0
DA:106,0
DA:110,36
DA:112,21
DA:113,1
DA:117,20
DA:184,15
DA:191,1
DA:192,1
DA:194,1
DA:202,1
DA:205,1
DA:208,1
DA:214,1
DA:218,0
DA:219,0
DA:224,0
DA:228,0
LF:31
LH:25
BRDA:63,0,0,3
BRDA:63,0,1,4
BRDA:110,1,0,21
BRDA:110,1,1,15
BRDA:112,2,0,1
BRDA:112,2,1,20
BRDA:112,3,0,21
BRDA:112,3,1,3
BRDA:112,3,2,3
BRDA:120,4,0,20
BRDA:120,4,1,17
BRDA:140,5,0,20
BRDA:140,5,1,20
BRDA:140,5,2,20
BRDA:148,6,0,20
BRDA:148,6,1,20
BRDA:196,7,0,1
BRDA:196,7,1,0
BRDA:197,8,0,1
BRDA:197,8,1,0
BRDA:225,9,0,0
BRDA:225,9,1,0
BRF:22
BRH:18
end_of_record
TN:
SF:components/ui/Input.tsx
FN:49,(anonymous_0)
FN:82,(anonymous_1)
FN:121,(anonymous_2)
FN:122,(anonymous_3)
FNF:4
FNH:2
FNDA:57,(anonymous_0)
FNDA:57,(anonymous_1)
FNDA:0,(anonymous_2)
FNDA:0,(anonymous_3)
DA:49,2
DA:70,57
DA:73,57
DA:76,57
DA:79,57
DA:82,57
DA:83,57
DA:84,2
DA:86,55
DA:87,0
DA:89,55
DA:90,0
DA:92,55
DA:96,57
DA:99,57
DA:102,57
DA:104,57
DA:121,0
DA:122,0
LF:19
LH:15
BRDA:55,0,0,0
BRDA:56,1,0,38
BRDA:57,2,0,38
BRDA:58,3,0,57
BRDA:59,4,0,57
BRDA:60,5,0,57
BRDA:61,6,0,57
BRDA:63,7,0,57
BRDA:64,8,0,57
BRDA:65,9,0,38
BRDA:66,10,0,57
BRDA:83,11,0,2
BRDA:83,11,1,55
BRDA:86,12,0,0
BRDA:86,12,1,55
BRDA:89,13,0,0
BRDA:89,13,1,55
BRDA:96,14,0,19
BRDA:96,14,1,38
BRDA:106,15,0,57
BRDA:106,15,1,38
BRDA:114,16,0,19
BRDA:114,16,1,38
BRDA:123,17,0,57
BRDA:123,17,1,57
BRDA:128,18,0,57
BRDA:128,18,1,2
BRF:27
BRH:24
end_of_record
TN:
SF:components/ui/LoadingSpinner.tsx
FN:25,(anonymous_0)
FNF:1
FNH:1
FNDA:24,(anonymous_0)
DA:25,4
DA:35,24
DA:38,24
DA:41,24
DA:44,24
DA:46,24
LF:6
LH:6
BRDA:26,0,0,7
BRDA:27,1,0,24
BRDA:29,2,0,17
BRDA:30,3,0,7
BRDA:31,4,0,24
BRDA:38,5,0,7
BRDA:38,5,1,17
BRDA:51,6,0,1
BRDA:51,6,1,23
BRDA:53,7,0,24
BRDA:53,7,1,24
BRF:11
BRH:11
end_of_record
TN:
SF:components/ui/Modal.tsx
FN:56,(anonymous_0)
FN:83,(anonymous_1)
FN:131,(anonymous_2)
FN:142,(anonymous_3)
FNF:4
FNH:3
FNDA:35,(anonymous_0)
FNDA:0,(anonymous_1)
FNDA:16,(anonymous_2)
FNDA:1,(anonymous_3)
DA:56,4
DA:72,35
DA:75,35
DA:78,35
DA:81,35
DA:83,35
DA:84,0
DA:85,0
DA:89,35
DA:131,4
DA:142,16
DA:143,1
DA:144,1
DA:147,16
LF:14
LH:12
BRDA:61,0,0,19
BRDA:62,1,0,35
BRDA:63,2,0,35
BRDA:64,3,0,35
BRDA:65,4,0,35
BRDA:66,5,0,35
BRDA:67,6,0,35
BRDA:68,7,0,35
BRDA:84,8,0,0
BRDA:84,8,1,0
BRDA:102,9,0,35
BRDA:102,9,1,0
BRDA:102,9,2,35
BRDA:104,10,0,35
BRDA:104,10,1,35
BRDA:105,11,0,35
BRDA:105,11,1,19
BRDA:110,12,0,19
BRDA:110,12,1,0
BRDA:137,13,0,0
BRDA:138,14,0,0
BRDA:139,15,0,0
BRDA:164,16,0,16
BRDA:164,16,1,0
BRDA:171,17,0,16
BRDA:171,17,1,0
BRF:26
BRH:17
end_of_record
TN:
SF:components/ui/OptimizedImage.tsx
FN:32,(anonymous_0)
FN:48,(anonymous_1)
FN:55,(anonymous_2)
FN:111,(anonymous_3)
FN:144,(anonymous_4)
FNF:5
FNH:2
FNDA:12,(anonymous_0)
FNDA:0,(anonymous_1)
FNDA:0,(anonymous_2)
FNDA:12,(anonymous_3)
FNDA:0,(anonymous_4)
DA:32,4
DA:45,12
DA:46,12
DA:48,12
DA:49,0
DA:50,0
DA:51,0
DA:54,12
DA:56,0
DA:57,0
DA:58,0
DA:64,12
DA:65,12
DA:77,0
DA:78,0
DA:89,0
DA:111,4
DA:122,12
DA:144,4
DA:155,0
LF:20
LH:10
BRDA:35,0,0,0
BRDA:36,1,0,0
BRDA:37,2,0,0
BRDA:38,3,0,0
BRDA:42,4,0,0
BRDA:43,5,0,0
BRDA:64,6,0,12
BRDA:64,6,1,0
BRDA:69,7,0,12
BRDA:69,7,1,0
BRDA:77,8,0,0
BRDA:77,8,1,0
BRDA:82,9,0,0
BRDA:82,9,1,0
BRDA:114,10,0,0
BRDA:115,11,0,12
BRDA:116,12,0,12
BRDA:117,13,0,12
BRDA:147,14,0,0
BRDA:148,15,0,0
BRDA:149,16,0,0
BRDA:150,17,0,0
BRF:22
BRH:5
end_of_record
TN:
SF:components/ui/PhotoGallery.tsx
FN:54,(anonymous_0)
FN:70,(anonymous_1)
FN:77,(anonymous_2)
FN:83,(anonymous_3)
FN:98,(anonymous_4)
FN:131,(anonymous_5)
FN:147,(anonymous_6)
FN:180,(anonymous_7)
FN:196,(anonymous_8)
FN:206,(anonymous_9)
FN:222,(anonymous_10)
FN:233,(anonymous_11)
FN:286,(anonymous_12)
FN:289,(anonymous_13)
FN:303,(anonymous_14)
FN:313,(anonymous_15)
FN:353,(anonymous_16)
FN:366,(anonymous_17)
FN:376,(anonymous_18)
FN:382,(anonymous_19)
FN:383,(anonymous_20)
FN:386,(anonymous_21)
FN:387,(anonymous_22)
FN:390,(anonymous_23)
FN:400,(anonymous_24)
FNF:25
FNH:5
FNDA:35,(anonymous_0)
FNDA:10,(anonymous_1)
FNDA:10,(anonymous_2)
FNDA:0,(anonymous_3)
FNDA:0,(anonymous_4)
FNDA:0,(anonymous_5)
FNDA:0,(anonymous_6)
FNDA:0,(anonymous_7)
FNDA:0,(anonymous_8)
FNDA:0,(anonymous_9)
FNDA:0,(anonymous_10)
FNDA:0,(anonymous_11)
FNDA:0,(anonymous_12)
FNDA:0,(anonymous_13)
FNDA:0,(anonymous_14)
FNDA:0,(anonymous_15)
FNDA:0,(anonymous_16)
FNDA:35,(anonymous_17)
FNDA:9,(anonymous_18)
FNDA:0,(anonymous_19)
FNDA:0,(anonymous_20)
FNDA:0,(anonymous_21)
FNDA:0,(anonymous_22)
FNDA:0,(anonymous_23)
FNDA:0,(anonymous_24)
DA:54,3
DA:63,35
DA:64,35
DA:65,35
DA:66,35
DA:67,35
DA:70,35
DA:71,10
DA:77,35
DA:78,10
DA:79,10
DA:80,10
DA:83,10
DA:85,10
DA:86,10
DA:88,0
DA:89,0
DA:91,10
DA:98,35
DA:99,0
DA:100,0
DA:101,0
DA:102,0
DA:105,0
DA:106,0
DA:107,0
DA:112,0
DA:115,0
DA:117,0
DA:118,0
DA:119,0
DA:120,0
DA:123,0
DA:124,0
DA:126,0
DA:127,0
DA:137,0
DA:140,0
DA:147,35
DA:148,0
DA:149,0
DA:150,0
DA:151,0
DA:154,0
DA:155,0
DA:156,0
DA:161,0
DA:164,0
DA:166,0
DA:167,0
DA:168,0
DA:169,0
DA:172,0
DA:173,0
DA:175,0
DA:176,0
DA:186,0
DA:189,0
DA:196,35
DA:197,0
DA:198,0
DA:199,0
DA:200,0
DA:203,0
DA:206,0
DA:207,0
DA:210,0
DA:212,0
DA:213,0
DA:215,0
DA:222,35
DA:223,0
DA:233,35
DA:234,0
DA:235,0
DA:239,35
DA:240,35
DA:243,35
DA:245,35
DA:287,0
DA:289,0
DA:304,0
DA:305,0
DA:313,0
DA:353,0
DA:366,3
DA:374,35
DA:376,35
DA:377,9
DA:380,35
DA:382,35
DA:383,0
DA:386,35
DA:387,0
DA:390,35
DA:391,0
DA:392,0
DA:401,0
DA:402,0
DA:410,35
DA:412,0
LF:101
LH:34
BRDA:58,0,0,3
BRDA:59,1,0,35
BRDA:60,2,0,35
BRDA:106,3,0,0
BRDA:106,3,1,0
BRDA:106,4,0,0
BRDA:106,4,1,0
BRDA:117,5,0,0
BRDA:117,5,1,0
BRDA:117,6,0,0
BRDA:117,6,1,0
BRDA:126,7,0,0
BRDA:126,7,1,0
BRDA:137,8,0,0
BRDA:137,8,1,0
BRDA:155,9,0,0
BRDA:155,9,1,0
BRDA:155,10,0,0
BRDA:155,10,1,0
BRDA:166,11,0,0
BRDA:166,11,1,0
BRDA:166,12,0,0
BRDA:166,12,1,0
BRDA:175,13,0,0
BRDA:175,13,1,0
BRDA:186,14,0,0
BRDA:186,14,1,0
BRDA:252,15,0,35
BRDA:252,15,1,35
BRDA:252,15,2,35
BRDA:257,16,0,35
BRDA:257,16,1,0
BRDA:263,17,0,35
BRDA:263,17,1,0
BRDA:270,18,0,35
BRDA:270,18,1,17
BRDA:279,19,0,0
BRDA:279,19,1,35
BRDA:292,20,0,0
BRDA:292,20,1,0
BRDA:295,21,0,0
BRDA:295,21,1,0
BRDA:301,22,0,0
BRDA:301,22,1,0
BRDA:320,23,0,0
BRDA:320,23,1,0
BRDA:337,24,0,35
BRDA:337,24,1,35
BRDA:343,25,0,35
BRDA:343,25,1,0
BRDA:356,26,0,35
BRDA:356,26,1,0
BRDA:372,27,0,0
BRDA:383,28,0,0
BRDA:383,28,1,0
BRDA:387,29,0,0
BRDA:387,29,1,0
BRDA:391,30,0,0
BRDA:391,30,1,0
BRDA:391,31,0,0
BRDA:391,31,1,0
BRDA:410,32,0,35
BRDA:410,32,1,0
BRDA:432,33,0,0
BRDA:432,33,1,0
BRDA:432,33,2,0
BRDA:449,34,0,0
BRDA:449,34,1,0
BRF:68
BRH:16
end_of_record
TN:
SF:components/ui/RatingSelector.tsx
FN:33,(anonymous_0)
FN:69,(anonymous_1)
FN:86,(anonymous_2)
FN:99,(anonymous_3)
FN:107,(anonymous_4)
FNF:5
FNH:5
FNDA:22,(anonymous_0)
FNDA:6,(anonymous_1)
FNDA:1,(anonymous_2)
FNDA:110,(anonymous_3)
FNDA:1,(anonymous_4)
DA:33,3
DA:47,22
DA:53,22
DA:60,22
DA:63,22
DA:66,22
DA:69,22
DA:70,6
DA:72,0
DA:74,0
DA:76,1
DA:78,5
DA:80,0
DA:82,0
DA:86,22
DA:87,1
DA:89,1
DA:90,1
DA:94,22
DA:100,110
DA:101,110
DA:102,110
DA:104,110
DA:107,1
LF:24
LH:20
BRDA:36,0,0,22
BRDA:37,1,0,22
BRDA:38,2,0,2
BRDA:39,3,0,3
BRDA:40,4,0,3
BRDA:41,5,0,22
BRDA:42,6,0,22
BRDA:43,7,0,22
BRDA:70,8,0,0
BRDA:70,8,1,0
BRDA:70,8,2,1
BRDA:70,8,3,5
BRDA:70,8,4,0
BRDA:70,8,5,0
BRDA:87,9,0,1
BRDA:87,9,1,0
BRDA:89,10,0,0
BRDA:89,10,1,1
BRDA:96,11,0,22
BRDA:96,11,1,22
BRDA:102,12,0,23
BRDA:102,12,1,87
BRDA:109,13,0,5
BRDA:109,13,1,105
BRDA:111,14,0,88
BRDA:111,14,1,22
BRDA:120,15,0,95
BRDA:120,15,1,15
BRDA:127,16,0,23
BRDA:127,16,1,87
BRDA:136,17,0,22
BRDA:136,17,1,6
BRDA:143,18,0,22
BRDA:143,18,1,6
BRF:34
BRH:28
end_of_record
TN:
SF:components/ui/Skeleton.tsx
FN:24,(anonymous_0)
FN:53,(anonymous_1)
FN:113,(anonymous_2)
FN:121,(anonymous_3)
FN:140,(anonymous_4)
FN:174,(anonymous_5)
FN:180,(anonymous_6)
FNF:7
FNH:4
FNDA:25,(anonymous_0)
FNDA:5,(anonymous_1)
FNDA:0,(anonymous_2)
FNDA:0,(anonymous_3)
FNDA:0,(anonymous_4)
FNDA:1,(anonymous_5)
FNDA:5,(anonymous_6)
DA:24,1
DA:30,25
DA:53,1
DA:56,5
DA:57,5
DA:59,5
DA:113,1
DA:116,0
DA:122,0
DA:140,1
DA:141,0
DA:174,1
DA:178,1
DA:181,5
LF:14
LH:11
BRDA:26,0,0,0
BRDA:27,1,0,10
BRDA:62,2,0,5
BRDA:62,2,1,0
BRDA:71,3,0,5
BRDA:71,3,1,0
BRDA:82,4,0,5
BRDA:82,4,1,0
BRDA:88,5,0,5
BRDA:88,5,1,0
BRDA:96,6,0,5
BRDA:96,6,1,0
BRDA:101,7,0,5
BRDA:101,7,1,0
BRDA:119,8,0,0
BRDA:119,8,1,0
BRDA:128,9,0,0
BRDA:128,9,1,0
BRDA:142,10,0,0
BRDA:142,10,1,0
BRDA:147,11,0,0
BRDA:147,11,1,0
BRDA:153,12,0,0
BRDA:153,12,1,0
BRDA:159,13,0,0
BRDA:159,13,1,0
BRDA:165,14,0,0
BRDA:165,14,1,0
BRDA:175,15,0,0
BRDA:179,16,0,1
BRDA:179,16,1,0
BRDA:183,17,0,5
BRDA:183,17,1,0
BRF:33
BRH:9
end_of_record
TN:
SF:components/ui/Toast.tsx
FN:77,(anonymous_0)
FN:85,(anonymous_1)
FN:90,(anonymous_2)
FN:91,(anonymous_3)
FN:92,(anonymous_4)
FN:96,(anonymous_5)
FN:102,(anonymous_6)
FN:110,(anonymous_7)
FN:118,(anonymous_8)
FN:130,(anonymous_9)
FN:140,(anonymous_10)
FN:150,(anonymous_11)
FN:160,(anonymous_12)
FN:171,(anonymous_13)
FN:197,(anonymous_14)
FN:198,(anonymous_15)
FN:199,(anonymous_16)
FN:233,(anonymous_17)
FN:244,(anonymous_18)
FN:249,(anonymous_19)
FN:263,(anonymous_20)
FN:265,(anonymous_21)
FN:269,(anonymous_22)
FN:269,(anonymous_23)
FN:272,(anonymous_24)
FN:276,(anonymous_25)
FN:276,(anonymous_26)
FN:280,(anonymous_27)
FN:298,(anonymous_28)
FN:312,(anonymous_29)
FN:322,(anonymous_30)
FN:340,(anonymous_31)
FN:391,(anonymous_32)
FN:420,(anonymous_33)
FNF:34
FNH:30
FNDA:36,(anonymous_0)
FNDA:15,(anonymous_1)
FNDA:17,(anonymous_2)
FNDA:17,(anonymous_3)
FNDA:15,(anonymous_4)
FNDA:18,(anonymous_5)
FNDA:15,(anonymous_6)
FNDA:15,(anonymous_7)
FNDA:15,(anonymous_8)
FNDA:7,(anonymous_9)
FNDA:3,(anonymous_10)
FNDA:2,(anonymous_11)
FNDA:2,(anonymous_12)
FNDA:1,(anonymous_13)
FNDA:1,(anonymous_14)
FNDA:1,(anonymous_15)
FNDA:2,(anonymous_16)
FNDA:36,(anonymous_17)
FNDA:14,(anonymous_18)
FNDA:2,(anonymous_19)
FNDA:14,(anonymous_20)
FNDA:14,(anonymous_21)
FNDA:0,(anonymous_22)
FNDA:0,(anonymous_23)
FNDA:14,(anonymous_24)
FNDA:0,(anonymous_25)
FNDA:0,(anonymous_26)
FNDA:14,(anonymous_27)
FNDA:2,(anonymous_28)
FNDA:2,(anonymous_29)
FNDA:14,(anonymous_30)
FNDA:14,(anonymous_31)
FNDA:1,(anonymous_32)
FNDA:39,(anonymous_33)
DA:68,2
DA:77,2
DA:82,36
DA:85,36
DA:86,15
DA:90,36
DA:91,17
DA:92,17
DA:93,17
DA:94,1
DA:96,18
DA:101,36
DA:103,15
DA:104,15
DA:110,15
DA:112,15
DA:113,15
DA:117,15
DA:118,15
DA:119,15
DA:123,15
DA:129,36
DA:135,7
DA:139,36
DA:145,3
DA:149,36
DA:155,2
DA:159,36
DA:165,2
DA:170,36
DA:172,1
DA:180,1
DA:181,1
DA:185,1
DA:197,36
DA:198,1
DA:199,1
DA:200,2
DA:201,0
DA:204,1
DA:208,36
DA:219,36
DA:233,2
DA:237,36
DA:239,11
DA:245,14
DA:249,2
DA:263,2
DA:265,14
DA:266,14
DA:267,14
DA:269,0
DA:272,14
DA:273,14
DA:274,14
DA:276,0
DA:280,14
DA:282,14
DA:283,14
DA:298,14
DA:300,2
DA:301,2
DA:313,2
DA:317,0
DA:322,14
DA:323,14
DA:325,14
DA:327,6
DA:329,4
DA:331,2
DA:333,2
DA:335,0
DA:340,14
DA:341,14
DA:343,6
DA:345,4
DA:347,2
DA:349,2
DA:351,0
DA:357,14
DA:359,14
DA:392,1
DA:393,1
DA:420,2
DA:421,39
DA:422,38
DA:423,2
DA:425,36
LF:88
LH:82
BRDA:79,0,0,36
BRDA:80,1,0,36
BRDA:93,2,0,1
BRDA:93,2,1,16
BRDA:107,3,0,15
BRDA:107,3,1,12
BRDA:112,4,0,1
BRDA:112,4,1,14
BRDA:117,5,0,15
BRDA:117,5,1,0
BRDA:117,6,0,15
BRDA:117,6,1,15
BRDA:180,7,0,1
BRDA:180,7,1,0
BRDA:181,8,0,1
BRDA:181,8,1,0
BRDA:189,9,0,1
BRDA:189,9,1,0
BRDA:200,10,0,0
BRDA:200,10,1,2
BRDA:237,11,0,25
BRDA:237,11,1,11
BRDA:282,12,0,14
BRDA:282,12,1,0
BRDA:300,13,0,2
BRDA:300,13,1,0
BRDA:325,14,0,6
BRDA:325,14,1,4
BRDA:325,14,2,2
BRDA:325,14,3,2
BRDA:325,14,4,0
BRDA:341,15,0,6
BRDA:341,15,1,4
BRDA:341,15,2,2
BRDA:341,15,3,2
BRDA:341,15,4,0
BRDA:357,16,0,0
BRDA:357,16,1,14
BRDA:362,17,0,14
BRDA:362,17,1,0
BRDA:384,18,0,14
BRDA:384,18,1,14
BRDA:389,19,0,14
BRDA:389,19,1,1
BRDA:422,20,0,2
BRDA:422,20,1,36
BRF:46
BRH:35
end_of_record
TN:
SF:components/ui/UndoProvider.tsx
FN:59,(anonymous_0)
FN:68,(anonymous_1)
FN:74,(anonymous_2)
FN:75,(anonymous_3)
FN:87,(anonymous_4)
FN:87,(anonymous_5)
FN:107,(anonymous_6)
FN:115,(anonymous_7)
FN:130,(anonymous_8)
FN:132,(anonymous_9)
FN:134,(anonymous_10)
FN:134,(anonymous_11)
FN:140,(anonymous_12)
FN:141,(anonymous_13)
FN:141,(anonymous_14)
FN:150,(anonymous_15)
FN:155,(anonymous_16)
FN:161,(anonymous_17)
FN:186,(anonymous_18)
FN:195,(anonymous_19)
FN:198,(anonymous_20)
FNF:21
FNH:4
FNDA:14,(anonymous_0)
FNDA:0,(anonymous_1)
FNDA:0,(anonymous_2)
FNDA:0,(anonymous_3)
FNDA:0,(anonymous_4)
FNDA:0,(anonymous_5)
FNDA:0,(anonymous_6)
FNDA:0,(anonymous_7)
FNDA:0,(anonymous_8)
FNDA:0,(anonymous_9)
FNDA:0,(anonymous_10)
FNDA:0,(anonymous_11)
FNDA:0,(anonymous_12)
FNDA:0,(anonymous_13)
FNDA:0,(anonymous_14)
FNDA:0,(anonymous_15)
FNDA:0,(anonymous_16)
FNDA:0,(anonymous_17)
FNDA:17,(anonymous_18)
FNDA:2,(anonymous_19)
FNDA:1,(anonymous_20)
DA:50,2
DA:59,2
DA:64,14
DA:65,14
DA:68,14
DA:69,0
DA:73,14
DA:75,0
DA:77,0
DA:78,0
DA:79,0
DA:82,0
DA:84,0
DA:87,0
DA:90,0
DA:95,0
DA:96,0
DA:106,14
DA:108,0
DA:109,0
DA:115,0
DA:118,0
DA:119,0
DA:123,0
DA:130,0
DA:134,0
DA:140,0
DA:141,0
DA:144,0
DA:150,14
DA:151,0
DA:155,14
DA:156,0
DA:160,14
DA:162,0
DA:172,14
DA:180,14
DA:186,2
DA:187,17
DA:188,16
DA:189,2
DA:191,14
DA:195,2
DA:198,2
DA:199,1
DA:204,2
DA:208,2
LF:47
LH:22
BRDA:61,0,0,12
BRDA:62,1,0,12
BRDA:77,2,0,0
BRDA:77,2,1,0
BRDA:98,3,0,0
BRDA:98,3,1,0
BRDA:118,4,0,0
BRDA:118,4,1,0
BRDA:188,5,0,2
BRDA:188,5,1,14
BRDA:205,6,0,2
BRDA:205,6,1,2
BRF:12
BRH:6
end_of_record
TN:
SF:services/cameraService.ts
FN:40,(anonymous_0)
FN:80,(anonymous_1)
FN:123,(anonymous_2)
FN:210,(anonymous_3)
FN:299,(anonymous_4)
FN:369,(anonymous_5)
FN:403,(anonymous_6)
FN:414,(anonymous_7)
FN:417,(anonymous_8)
FN:422,(anonymous_9)
FN:425,(anonymous_10)
FN:443,(anonymous_11)
FN:454,(anonymous_12)
FN:463,(anonymous_13)
FN:472,(anonymous_14)
FN:475,(anonymous_15)
FN:495,(anonymous_16)
FN:512,(anonymous_17)
FN:517,(anonymous_18)
FN:534,(anonymous_19)
FN:549,(anonymous_20)
FN:599,(anonymous_21)
FN:616,(anonymous_22)
FN:676,(anonymous_23)
FN:707,(anonymous_24)
FNF:25
FNH:25
FNDA:8,(anonymous_0)
FNDA:7,(anonymous_1)
FNDA:4,(anonymous_2)
FNDA:3,(anonymous_3)
FNDA:4,(anonymous_4)
FNDA:3,(anonymous_5)
FNDA:2,(anonymous_6)
FNDA:3,(anonymous_7)
FNDA:3,(anonymous_8)
FNDA:2,(anonymous_9)
FNDA:2,(anonymous_10)
FNDA:2,(anonymous_11)
FNDA:4,(anonymous_12)
FNDA:4,(anonymous_13)
FNDA:2,(anonymous_14)
FNDA:2,(anonymous_15)
FNDA:5,(anonymous_16)
FNDA:12,(anonymous_17)
FNDA:11,(anonymous_18)
FNDA:8,(anonymous_19)
FNDA:6,(anonymous_20)
FNDA:3,(anonymous_21)
FNDA:2,(anonymous_22)
FNDA:14,(anonymous_23)
FNDA:3,(anonymous_24)
DA:26,2
DA:27,2
DA:28,2
DA:30,2
DA:31,2
DA:40,2
DA:41,8
DA:43,8
DA:45,7
DA:46,4
DA:54,3
DA:57,3
DA:63,1
DA:65,1
DA:80,2
DA:81,7
DA:84,7
DA:86,6
DA:87,3
DA:96,3
DA:99,3
DA:105,1
DA:107,1
DA:123,2
DA:126,4
DA:128,4
DA:130,4
DA:131,1
DA:138,1
DA:142,3
DA:149,2
DA:150,1
DA:158,1
DA:160,1
DA:161,0
DA:168,0
DA:172,1
DA:175,1
DA:177,1
DA:184,2
DA:185,1
DA:189,1
DA:197,1
DA:198,1
DA:210,2
DA:213,3
DA:215,3
DA:217,3
DA:218,1
DA:226,1
DA:230,2
DA:237,2
DA:238,1
DA:246,1
DA:248,1
DA:249,0
DA:256,0
DA:260,1
DA:263,1
DA:265,1
DA:272,1
DA:273,1
DA:277,0
DA:285,0
DA:286,0
DA:299,2
DA:303,4
DA:305,4
DA:308,3
DA:309,3
DA:310,3
DA:313,3
DA:320,3
DA:327,3
DA:328,3
DA:330,3
DA:335,3
DA:341,3
DA:349,1
DA:357,1
DA:358,1
DA:369,2
DA:370,3
DA:372,3
DA:373,3
DA:374,1
DA:378,2
DA:381,1
DA:385,1
DA:386,1
DA:387,1
DA:390,1
DA:403,2
DA:406,2
DA:408,2
DA:409,1
DA:414,1
DA:415,3
DA:417,1
DA:418,3
DA:422,1
DA:423,2
DA:425,1
DA:426,2
DA:429,1
DA:431,1
DA:443,2
DA:446,2
DA:448,2
DA:449,1
DA:454,1
DA:456,4
DA:457,4
DA:458,4
DA:459,4
DA:463,1
DA:465,4
DA:466,4
DA:467,4
DA:468,4
DA:472,1
DA:473,2
DA:475,1
DA:476,2
DA:479,1
DA:481,1
DA:483,1
DA:484,1
DA:495,2
DA:498,5
DA:500,5
DA:503,3
DA:504,3
DA:505,0
DA:509,3
DA:512,3
DA:513,12
DA:517,3
DA:518,11
DA:519,11
DA:520,11
DA:521,11
DA:523,11
DA:533,3
DA:534,8
DA:537,2
DA:538,2
DA:549,2
DA:551,6
DA:552,6
DA:553,1
DA:560,1
DA:564,5
DA:565,1
DA:574,1
DA:579,4
DA:580,4
DA:581,1
DA:588,1
DA:599,2
DA:602,3
DA:603,3
DA:604,3
DA:606,0
DA:607,0
DA:616,2
DA:622,2
DA:624,2
DA:627,1
DA:628,1
DA:633,1
DA:634,1
DA:636,1
DA:637,2
DA:640,2
DA:641,2
DA:645,1
DA:646,2
DA:649,2
DA:650,2
DA:654,1
DA:661,1
DA:662,1
DA:676,2
DA:677,14
DA:679,14
DA:680,10
DA:681,3
DA:687,9
DA:690,9
DA:691,2
DA:696,5
DA:697,5
DA:707,2
DA:708,3
DA:709,1
DA:710,2
DA:711,1
DA:713,1
LF:199
LH:189
BRDA:45,0,0,4
BRDA:45,0,1,3
BRDA:86,1,0,3
BRDA:86,1,1,3
BRDA:130,2,0,1
BRDA:130,2,1,3
BRDA:149,3,0,1
BRDA:149,3,1,1
BRDA:160,4,0,0
BRDA:160,4,1,1
BRDA:160,5,0,1
BRDA:160,5,1,1
BRDA:179,6,0,1
BRDA:179,6,1,0
BRDA:180,7,0,1
BRDA:180,7,1,0
BRDA:184,8,0,1
BRDA:184,8,1,1
BRDA:192,9,0,1
BRDA:192,9,1,0
BRDA:217,10,0,1
BRDA:217,10,1,2
BRDA:237,11,0,1
BRDA:237,11,1,1
BRDA:248,12,0,0
BRDA:248,12,1,1
BRDA:248,13,0,1
BRDA:248,13,1,1
BRDA:267,14,0,1
BRDA:267,14,1,0
BRDA:268,15,0,1
BRDA:268,15,1,0
BRDA:272,16,0,1
BRDA:272,16,1,0
BRDA:280,17,0,0
BRDA:280,17,1,0
BRDA:352,18,0,1
BRDA:352,18,1,0
BRDA:373,19,0,1
BRDA:373,19,1,2
BRDA:386,20,0,1
BRDA:386,20,1,0
BRDA:457,21,0,0
BRDA:457,21,1,4
BRDA:457,22,0,4
BRDA:457,22,1,4
BRDA:466,23,0,0
BRDA:466,23,1,4
BRDA:466,24,0,4
BRDA:466,24,1,4
BRDA:504,25,0,0
BRDA:504,25,1,3
BRDA:552,26,0,1
BRDA:552,26,1,5
BRDA:564,27,0,1
BRDA:564,27,1,4
BRDA:564,28,0,5
BRDA:564,28,1,5
BRDA:580,29,0,1
BRDA:580,29,1,3
BRDA:580,30,0,4
BRDA:580,30,1,4
BRDA:640,31,0,2
BRDA:640,31,1,0
BRDA:640,32,0,2
BRDA:640,32,1,2
BRDA:649,33,0,2
BRDA:649,33,1,0
BRDA:649,34,0,2
BRDA:649,34,1,2
BRDA:680,35,0,3
BRDA:680,35,1,7
BRDA:690,36,0,2
BRDA:690,36,1,7
BRDA:708,37,0,1
BRDA:708,37,1,2
BRDA:710,38,0,1
BRDA:710,38,1,1
BRF:78
BRH:61
end_of_record
TN:
SF:services/lifecycleService.ts
FN:27,(anonymous_0)
FN:35,(anonymous_1)
FN:37,(anonymous_2)
FN:61,(anonymous_3)
FN:69,(anonymous_4)
FN:90,(anonymous_5)
FN:109,(anonymous_6)
FN:127,(anonymous_7)
FN:135,(anonymous_8)
FN:136,(anonymous_9)
FN:153,(anonymous_10)
FN:196,(anonymous_11)
FN:250,(anonymous_12)
FN:266,(anonymous_13)
FN:275,(anonymous_14)
FNF:15
FNH:14
FNDA:17,(anonymous_0)
FNDA:6,(anonymous_1)
FNDA:5,(anonymous_2)
FNDA:4,(anonymous_3)
FNDA:0,(anonymous_4)
FNDA:1,(anonymous_5)
FNDA:1,(anonymous_6)
FNDA:8,(anonymous_7)
FNDA:8,(anonymous_8)
FNDA:16,(anonymous_9)
FNDA:20,(anonymous_10)
FNDA:5,(anonymous_11)
FNDA:3,(anonymous_12)
FNDA:3,(anonymous_13)
FNDA:2,(anonymous_14)
DA:16,1
DA:17,1
DA:18,1
DA:21,1
DA:27,1
DA:28,17
DA:35,1
DA:37,6
DA:38,5
DA:40,5
DA:42,0
DA:43,5
DA:45,1
DA:46,4
DA:48,1
DA:51,5
DA:55,6
DA:61,6
DA:62,4
DA:69,1
DA:70,0
DA:71,0
DA:74,0
DA:75,0
DA:79,0
DA:81,0
DA:83,0
DA:90,1
DA:91,1
DA:92,1
DA:95,1
DA:96,1
DA:99,1
DA:100,1
DA:102,0
DA:109,1
DA:110,1
DA:111,1
DA:114,1
DA:115,1
DA:118,1
DA:120,0
DA:127,1
DA:128,8
DA:129,8
DA:131,8
DA:134,8
DA:135,8
DA:136,8
DA:137,16
DA:142,8
DA:143,8
DA:144,0
DA:145,0
DA:149,8
DA:152,5
DA:154,20
DA:157,5
DA:160,5
DA:161,10
DA:164,10
DA:165,10
DA:166,10
DA:167,9
DA:168,9
DA:170,1
DA:175,5
DA:179,3
DA:181,3
DA:189,3
DA:196,1
DA:201,5
DA:202,5
DA:203,5
DA:204,0
DA:208,5
DA:210,5
DA:211,5
DA:214,5
DA:215,17
DA:216,17
DA:218,16
DA:219,16
DA:222,16
DA:223,8
DA:229,4
DA:230,4
DA:232,4
DA:238,1
DA:239,1
DA:250,1
DA:251,3
DA:252,3
DA:253,3
DA:254,2
DA:255,2
DA:258,1
DA:259,1
DA:266,1
DA:267,3
DA:268,3
DA:275,1
DA:276,2
DA:277,2
DA:280,2
DA:283,1
DA:284,1
DA:287,1
DA:288,0
DA:291,1
DA:293,1
LF:111
LH:97
BRDA:40,0,0,0
BRDA:40,0,1,5
BRDA:40,1,0,5
BRDA:40,1,1,3
BRDA:43,2,0,1
BRDA:43,2,1,4
BRDA:43,3,0,5
BRDA:43,3,1,1
BRDA:46,4,0,1
BRDA:46,4,1,3
BRDA:74,5,0,0
BRDA:74,5,1,0
BRDA:95,6,0,1
BRDA:95,6,1,0
BRDA:114,7,0,1
BRDA:114,7,1,0
BRDA:131,8,0,8
BRDA:131,8,1,0
BRDA:143,9,0,0
BRDA:143,9,1,8
BRDA:154,10,0,20
BRDA:154,10,1,15
BRDA:164,11,0,10
BRDA:164,11,1,0
BRDA:184,12,0,3
BRDA:184,12,1,0
BRDA:203,13,0,0
BRDA:203,13,1,5
BRDA:218,14,0,16
BRDA:218,14,1,0
BRDA:218,15,0,16
BRDA:218,15,1,16
BRDA:222,16,0,8
BRDA:222,16,1,8
BRDA:222,17,0,16
BRDA:222,17,1,12
BRDA:229,18,0,4
BRDA:229,18,1,0
BRDA:252,19,0,3
BRDA:252,19,1,0
BRDA:287,20,0,0
BRDA:287,20,1,1
BRF:42
BRH:28
end_of_record
TN:
SF:services/locationService.ts
FN:28,(anonymous_0)
FN:69,(anonymous_1)
FN:167,(anonymous_2)
FN:240,(anonymous_3)
FN:270,(anonymous_4)
FN:332,(anonymous_5)
FN:353,(anonymous_6)
FN:367,(anonymous_7)
FN:369,(anonymous_8)
FN:382,(anonymous_9)
FN:431,(anonymous_10)
FN:438,(anonymous_11)
FN:453,(anonymous_12)
FN:470,(anonymous_13)
FNF:14
FNH:14
FNDA:16,(anonymous_0)
FNDA:9,(anonymous_1)
FNDA:4,(anonymous_2)
FNDA:7,(anonymous_3)
FNDA:3,(anonymous_4)
FNDA:3,(anonymous_5)
FNDA:7,(anonymous_6)
FNDA:6,(anonymous_7)
FNDA:7,(anonymous_8)
FNDA:4,(anonymous_9)
FNDA:28,(anonymous_10)
FNDA:5,(anonymous_11)
FNDA:10,(anonymous_12)
FNDA:9,(anonymous_13)
DA:18,1
DA:19,1
DA:28,1
DA:29,16
DA:32,16
DA:34,15
DA:35,10
DA:43,5
DA:46,5
DA:52,1
DA:54,1
DA:69,1
DA:70,9
DA:74,9
DA:75,9
DA:77,9
DA:79,2
DA:82,9
DA:83,1
DA:91,1
DA:95,8
DA:97,8
DA:98,1
DA:106,1
DA:110,7
DA:116,5
DA:117,5
DA:122,5
DA:123,5
DA:124,5
DA:128,0
DA:131,5
DA:141,4
DA:142,2
DA:146,2
DA:155,2
DA:156,2
DA:167,1
DA:170,4
DA:171,4
DA:172,1
DA:179,1
DA:182,3
DA:185,3
DA:187,2
DA:188,1
DA:195,1
DA:199,1
DA:201,1
DA:211,3
DA:212,2
DA:216,1
DA:225,1
DA:226,1
DA:240,1
DA:246,7
DA:247,7
DA:248,7
DA:251,7
DA:257,7
DA:258,7
DA:260,7
DA:270,1
DA:273,3
DA:274,3
DA:275,1
DA:279,2
DA:281,2
DA:286,0
DA:291,2
DA:297,0
DA:302,2
DA:303,2
DA:305,1
DA:306,1
DA:309,1
DA:310,0
DA:313,1
DA:320,0
DA:321,0
DA:332,1
DA:337,3
DA:339,3
DA:340,3
DA:342,0
DA:343,0
DA:346,3
DA:348,0
DA:352,3
DA:354,7
DA:356,7
DA:357,4
DA:365,7
DA:367,6
DA:369,7
DA:371,0
DA:373,0
DA:382,1
DA:387,4
DA:389,4
DA:390,4
DA:393,4
DA:399,0
DA:402,4
DA:405,1
DA:406,1
DA:409,4
DA:411,4
DA:417,0
DA:418,0
DA:431,1
DA:432,28
DA:438,1
DA:439,5
DA:441,5
DA:442,5
DA:443,5
DA:444,5
DA:445,5
DA:447,5
DA:453,1
DA:457,10
DA:470,1
DA:471,9
DA:472,3
DA:473,6
DA:474,3
DA:476,3
LF:128
LH:114
BRDA:34,0,0,10
BRDA:34,0,1,5
BRDA:82,1,0,1
BRDA:82,1,1,8
BRDA:97,2,0,1
BRDA:97,2,1,7
BRDA:122,3,0,5
BRDA:122,3,1,0
BRDA:135,4,0,5
BRDA:135,4,1,4
BRDA:141,5,0,2
BRDA:141,5,1,2
BRDA:150,6,0,2
BRDA:150,6,1,0
BRDA:171,7,0,1
BRDA:171,7,1,3
BRDA:171,8,0,4
BRDA:171,8,1,3
BRDA:187,9,0,1
BRDA:187,9,1,1
BRDA:211,10,0,2
BRDA:211,10,1,1
BRDA:220,11,0,1
BRDA:220,11,1,0
BRDA:274,12,0,1
BRDA:274,12,1,2
BRDA:279,13,0,2
BRDA:279,13,1,0
BRDA:281,14,0,0
BRDA:281,14,1,2
BRDA:282,15,0,2
BRDA:282,15,1,2
BRDA:291,16,0,0
BRDA:291,16,1,2
BRDA:292,17,0,2
BRDA:292,17,1,2
BRDA:292,17,2,2
BRDA:309,18,0,0
BRDA:309,18,1,1
BRDA:346,19,0,0
BRDA:346,19,1,3
BRDA:356,20,0,4
BRDA:356,20,1,3
BRDA:393,21,0,0
BRDA:393,21,1,4
BRDA:394,22,0,4
BRDA:394,22,1,4
BRDA:394,22,2,4
BRDA:441,23,0,5
BRDA:441,23,1,0
BRDA:442,24,0,5
BRDA:442,24,1,0
BRDA:443,25,0,5
BRDA:443,25,1,0
BRDA:444,26,0,5
BRDA:444,26,1,0
BRDA:445,27,0,5
BRDA:445,27,1,0
BRDA:458,28,0,10
BRDA:458,28,1,8
BRDA:458,28,2,7
BRDA:458,28,3,5
BRDA:458,28,4,4
BRDA:458,28,5,4
BRDA:471,29,0,3
BRDA:471,29,1,6
BRDA:473,30,0,3
BRDA:473,30,1,3
BRF:68
BRH:54
end_of_record
TN:
SF:services/storageService.ts
FN:28,(anonymous_0)
FN:60,(anonymous_1)
FN:77,(anonymous_2)
FN:109,(anonymous_3)
FN:132,(anonymous_4)
FN:140,(anonymous_5)
FN:178,(anonymous_6)
FN:217,(anonymous_7)
FN:251,(anonymous_8)
FNF:9
FNH:9
FNDA:2,(anonymous_0)
FNDA:5,(anonymous_1)
FNDA:2,(anonymous_2)
FNDA:2,(anonymous_3)
FNDA:3,(anonymous_4)
FNDA:6,(anonymous_5)
FNDA:3,(anonymous_6)
FNDA:3,(anonymous_7)
FNDA:4,(anonymous_8)
DA:19,3
DA:28,3
DA:31,2
DA:32,2
DA:38,2
DA:39,2
DA:41,1
DA:49,1
DA:50,1
DA:60,3
DA:61,5
DA:62,5
DA:64,4
DA:66,1
DA:69,3
DA:72,2
DA:73,1
DA:77,2
DA:89,2
DA:97,2
DA:98,2
DA:109,3
DA:110,2
DA:111,2
DA:113,1
DA:121,1
DA:122,1
DA:132,3
DA:134,3
DA:135,3
DA:138,3
DA:140,6
DA:161,3
DA:167,3
DA:168,3
DA:170,3
DA:178,3
DA:183,3
DA:184,3
DA:186,2
DA:187,1
DA:194,1
DA:196,1
DA:202,1
DA:203,1
DA:217,3
DA:218,3
DA:219,3
DA:221,2
DA:222,1
DA:229,1
DA:231,1
DA:239,1
DA:240,1
DA:251,3
DA:252,4
DA:254,4
DA:256,3
DA:257,1
DA:261,2
DA:262,1
DA:263,1
DA:267,1
DA:269,2
DA:277,2
DA:278,2
LF:66
LH:66
BRDA:44,0,0,1
BRDA:44,0,1,0
BRDA:64,1,0,1
BRDA:64,1,1,3
BRDA:72,2,0,1
BRDA:72,2,1,1
BRDA:83,3,0,1
BRDA:83,3,1,1
BRDA:92,4,0,2
BRDA:92,4,1,0
BRDA:116,5,0,1
BRDA:116,5,1,0
BRDA:138,6,0,3
BRDA:138,6,1,0
BRDA:142,7,0,6
BRDA:142,7,1,6
BRDA:148,8,0,3
BRDA:148,8,1,3
BRDA:186,9,0,1
BRDA:186,9,1,1
BRDA:221,10,0,1
BRDA:221,10,1,1
BRDA:234,11,0,1
BRDA:234,11,1,0
BRDA:256,12,0,1
BRDA:256,12,1,2
BRDA:256,13,0,3
BRDA:256,13,1,3
BRDA:261,14,0,1
BRDA:261,14,1,1
BRDA:272,15,0,2
BRDA:272,15,1,0
BRF:32
BRH:26
end_of_record
TN:
SF:store/index.ts
FNF:0
FNH:0
LF:0
LH:0
BRF:0
BRH:0
end_of_record
TN:
SF:store/playgroundStore.ts
FN:33,(anonymous_0)
FN:38,(anonymous_1)
FN:52,(anonymous_2)
FN:66,(anonymous_3)
FN:83,(anonymous_4)
FN:117,(anonymous_5)
FN:123,(anonymous_6)
FN:172,(anonymous_7)
FN:178,(anonymous_8)
FN:216,(anonymous_9)
FN:246,(anonymous_10)
FN:255,(anonymous_11)
FN:265,(anonymous_12)
FN:271,(anonymous_13)
FN:278,(anonymous_14)
FN:311,(anonymous_15)
FN:316,(anonymous_16)
FN:345,(anonymous_17)
FN:356,validatePlayground
FN:361,(anonymous_19)
FN:452,(anonymous_20)
FN:463,(anonymous_21)
FN:471,(anonymous_22)
FN:476,(anonymous_23)
FN:517,calculateDistance
FN:542,toRadians
FNF:26
FNH:21
FNDA:6,(anonymous_0)
FNDA:1,(anonymous_1)
FNDA:2,(anonymous_2)
FNDA:9,(anonymous_3)
FNDA:6,(anonymous_4)
FNDA:3,(anonymous_5)
FNDA:5,(anonymous_6)
FNDA:1,(anonymous_7)
FNDA:5,(anonymous_8)
FNDA:2,(anonymous_9)
FNDA:17,(anonymous_10)
FNDA:17,(anonymous_11)
FNDA:0,(anonymous_12)
FNDA:0,(anonymous_13)
FNDA:0,(anonymous_14)
FNDA:0,(anonymous_15)
FNDA:0,(anonymous_16)
FNDA:17,(anonymous_17)
FNDA:11,validatePlayground
FNDA:4,(anonymous_19)
FNDA:10,(anonymous_20)
FNDA:6,(anonymous_21)
FNDA:6,(anonymous_22)
FNDA:22,(anonymous_23)
FNDA:4,calculateDistance
FNDA:16,toRadians
DA:24,2
DA:25,2
DA:33,2
DA:34,6
DA:35,5
DA:38,6
DA:39,1
DA:40,1
DA:41,1
DA:42,1
DA:44,0
DA:52,2
DA:67,9
DA:68,9
DA:71,9
DA:74,6
DA:75,6
DA:83,6
DA:89,6
DA:92,5
DA:94,4
DA:105,4
DA:106,4
DA:118,3
DA:119,3
DA:122,3
DA:123,5
DA:125,3
DA:126,1
DA:130,2
DA:137,2
DA:140,1
DA:141,1
DA:143,1
DA:146,1
DA:148,2
DA:161,2
DA:162,2
DA:173,1
DA:174,1
DA:177,1
DA:178,5
DA:181,1
DA:182,1
DA:185,0
DA:188,0
DA:191,0
DA:196,1
DA:206,1
DA:207,1
DA:217,2
DA:218,2
DA:221,2
DA:223,1
DA:226,1
DA:228,1
DA:236,1
DA:237,1
DA:247,17
DA:256,17
DA:266,0
DA:267,0
DA:270,0
DA:271,0
DA:273,0
DA:274,0
DA:278,0
DA:279,0
DA:282,0
DA:285,0
DA:288,0
DA:290,0
DA:300,0
DA:301,0
DA:312,0
DA:313,0
DA:316,0
DA:322,0
DA:325,0
DA:327,0
DA:337,0
DA:338,0
DA:346,17
DA:362,4
DA:363,4
DA:368,11
DA:369,2
DA:372,9
DA:373,0
DA:379,9
DA:380,0
DA:384,9
DA:385,0
DA:391,9
DA:392,0
DA:394,0
DA:395,0
DA:398,0
DA:399,0
DA:402,0
DA:403,0
DA:406,0
DA:407,0
DA:412,9
DA:417,2
DA:423,7
DA:427,0
DA:433,7
DA:434,0
DA:437,7
DA:438,0
DA:452,2
DA:459,10
DA:462,10
DA:463,2
DA:464,6
DA:469,10
DA:470,2
DA:471,6
DA:476,10
DA:477,22
DA:479,7
DA:482,5
DA:485,4
DA:490,6
DA:491,2
DA:495,2
DA:499,2
DA:502,4
DA:505,0
DA:521,4
DA:522,4
DA:523,4
DA:526,4
DA:532,4
DA:533,4
DA:543,16
LF:137
LH:95
BRDA:34,0,0,5
BRDA:34,0,1,1
BRDA:96,1,0,3
BRDA:96,1,1,1
BRDA:96,2,0,4
BRDA:96,2,1,4
BRDA:100,3,0,4
BRDA:100,3,1,0
BRDA:125,4,0,1
BRDA:125,4,1,2
BRDA:150,5,0,1
BRDA:150,5,1,1
BRDA:150,6,0,2
BRDA:150,6,1,2
BRDA:154,7,0,2
BRDA:154,7,1,0
BRDA:181,8,0,1
BRDA:181,8,1,0
BRDA:199,9,0,1
BRDA:199,9,1,0
BRDA:231,10,0,1
BRDA:231,10,1,0
BRDA:273,11,0,0
BRDA:273,11,1,0
BRDA:293,12,0,0
BRDA:293,12,1,0
BRDA:330,13,0,0
BRDA:330,13,1,0
BRDA:368,14,0,2
BRDA:368,14,1,9
BRDA:368,15,0,11
BRDA:368,15,1,9
BRDA:372,16,0,0
BRDA:372,16,1,9
BRDA:379,17,0,0
BRDA:379,17,1,9
BRDA:384,18,0,0
BRDA:384,18,1,9
BRDA:384,19,0,9
BRDA:384,19,1,0
BRDA:391,20,0,0
BRDA:391,20,1,9
BRDA:394,21,0,0
BRDA:394,21,1,0
BRDA:394,22,0,0
BRDA:394,22,1,0
BRDA:398,23,0,0
BRDA:398,23,1,0
BRDA:398,24,0,0
BRDA:398,24,1,0
BRDA:402,25,0,0
BRDA:402,25,1,0
BRDA:402,26,0,0
BRDA:402,26,1,0
BRDA:406,27,0,0
BRDA:406,27,1,0
BRDA:406,28,0,0
BRDA:406,28,1,0
BRDA:412,29,0,2
BRDA:412,29,1,7
BRDA:413,30,0,9
BRDA:413,30,1,9
BRDA:413,30,2,9
BRDA:423,31,0,0
BRDA:423,31,1,7
BRDA:424,32,0,7
BRDA:424,32,1,0
BRDA:433,33,0,0
BRDA:433,33,1,7
BRDA:437,34,0,0
BRDA:437,34,1,7
BRDA:462,35,0,2
BRDA:462,35,1,8
BRDA:462,36,0,10
BRDA:462,36,1,2
BRDA:469,37,0,2
BRDA:469,37,1,8
BRDA:477,38,0,7
BRDA:477,38,1,5
BRDA:477,38,2,4
BRDA:477,38,3,6
BRDA:477,38,4,0
BRDA:490,39,0,2
BRDA:490,39,1,4
BRDA:490,40,0,6
BRDA:490,40,1,2
BRDA:490,40,2,2
BRF:87
BRH:50
end_of_record
TN:
SF:types/index.ts
FNF:0
FNH:0
LF:0
LH:0
BRF:0
BRH:0
end_of_record
TN:
SF:types/playground.ts
FNF:0
FNH:0
DA:92,8
DA:98,8
LF:2
LH:2
BRF:0
BRH:0
end_of_record
